{"uid":"67de93456a263a5","name":"test_login_param[TC002]","fullName":"tests.test_login_param#test_login_param","historyId":"9b173627f55ff68d7df8ca218c86e529","time":{"start":1750221014951,"stop":1750221023040,"duration":8089},"status":"failed","statusMessage":"AssertionError: assert False\n +  where False = has_error_message(['帳號或密碼錯誤'])\n +    where has_error_message = <pages.login_page.LoginPage object at 0x7fe0c8bdf3d0>.has_error_message","statusTrace":"driver = <selenium.webdriver.chrome.webdriver.WebDriver (session=\"26e77cb4ed2236555c28dcb9ed843b56\")>\ncase = {'account': 'wrong', 'expected_error': ['帳號或密碼錯誤'], 'id': 'TC002', 'password': 'wrong', ...}\napp_context = None\n\n    @pytest.mark.login\n    @pytest.mark.parametrize(\"case\", login_cases, ids=[case[\"id\"] for case in login_cases])\n    def test_login_param(driver, case, app_context):\n        login = LoginPage(driver)\n        login.open()\n        login.wait(*LoginPage.ACCOUNT)\n        login.login(case[\"account\"], case[\"password\"])\n        if case[\"success\"]:\n            # 驗證頁面跳轉成功\n            assert login.is_success(\"/todo/list\")\n            # 登出\n            login.click_logout_button()\n            # 查資料庫\n            user = get_user_by_account(case[\"account\"])\n            assert user is not None\n        else:\n            assert not login.is_success(\"/todo/list\")\n            if \"expected_error\" in case:\n>               assert login.has_error_message(case[\"expected_error\"])\nE               AssertionError: assert False\nE                +  where False = has_error_message(['帳號或密碼錯誤'])\nE                +    where has_error_message = <pages.login_page.LoginPage object at 0x7fe0c8bdf3d0>.has_error_message\n\ntests/test_login_param.py:27: AssertionError","flaky":false,"newFailed":false,"newBroken":false,"newPassed":false,"retriesCount":0,"retriesStatusChange":false,"beforeStages":[{"name":"driver","time":{"start":1750221014603,"stop":1750221014950,"duration":347},"status":"passed","steps":[],"attachments":[],"parameters":[],"shouldDisplayMessage":false,"stepsCount":0,"attachmentsCount":0,"hasContent":false,"attachmentStep":false},{"name":"app_context","time":{"start":1750221014950,"stop":1750221014950,"duration":0},"status":"passed","steps":[],"attachments":[],"parameters":[],"shouldDisplayMessage":false,"stepsCount":0,"attachmentsCount":0,"hasContent":false,"attachmentStep":false}],"testStage":{"status":"failed","statusMessage":"AssertionError: assert False\n +  where False = has_error_message(['帳號或密碼錯誤'])\n +    where has_error_message = <pages.login_page.LoginPage object at 0x7fe0c8bdf3d0>.has_error_message","statusTrace":"driver = <selenium.webdriver.chrome.webdriver.WebDriver (session=\"26e77cb4ed2236555c28dcb9ed843b56\")>\ncase = {'account': 'wrong', 'expected_error': ['帳號或密碼錯誤'], 'id': 'TC002', 'password': 'wrong', ...}\napp_context = None\n\n    @pytest.mark.login\n    @pytest.mark.parametrize(\"case\", login_cases, ids=[case[\"id\"] for case in login_cases])\n    def test_login_param(driver, case, app_context):\n        login = LoginPage(driver)\n        login.open()\n        login.wait(*LoginPage.ACCOUNT)\n        login.login(case[\"account\"], case[\"password\"])\n        if case[\"success\"]:\n            # 驗證頁面跳轉成功\n            assert login.is_success(\"/todo/list\")\n            # 登出\n            login.click_logout_button()\n            # 查資料庫\n            user = get_user_by_account(case[\"account\"])\n            assert user is not None\n        else:\n            assert not login.is_success(\"/todo/list\")\n            if \"expected_error\" in case:\n>               assert login.has_error_message(case[\"expected_error\"])\nE               AssertionError: assert False\nE                +  where False = has_error_message(['帳號或密碼錯誤'])\nE                +    where has_error_message = <pages.login_page.LoginPage object at 0x7fe0c8bdf3d0>.has_error_message\n\ntests/test_login_param.py:27: AssertionError","steps":[],"attachments":[{"uid":"b4e5189afc26a4b5","name":"screenshot","source":"b4e5189afc26a4b5.png","type":"image/png","size":11779},{"uid":"c5ef733a9dc6e21f","name":"stdout","source":"c5ef733a9dc6e21f.txt","type":"text/plain","size":77}],"parameters":[],"shouldDisplayMessage":true,"stepsCount":0,"attachmentsCount":2,"hasContent":true,"attachmentStep":false},"afterStages":[{"name":"driver::0","time":{"start":1750221023183,"stop":1750221025238,"duration":2055},"status":"passed","steps":[],"attachments":[],"parameters":[],"shouldDisplayMessage":false,"stepsCount":0,"attachmentsCount":0,"hasContent":false,"attachmentStep":false},{"name":"app_context::0","time":{"start":1750221023183,"stop":1750221023183,"duration":0},"status":"passed","steps":[],"attachments":[],"parameters":[],"shouldDisplayMessage":false,"stepsCount":0,"attachmentsCount":0,"hasContent":false,"attachmentStep":false}],"labels":[{"name":"tag","value":"login"},{"name":"parentSuite","value":"tests"},{"name":"suite","value":"test_login_param"},{"name":"host","value":"fv-az1341-696"},{"name":"thread","value":"3837-MainThread"},{"name":"framework","value":"pytest"},{"name":"language","value":"cpython3"},{"name":"package","value":"tests.test_login_param"},{"name":"resultFormat","value":"allure2"}],"parameters":[{"name":"case","value":"{'id': 'TC002', 'title': '錯誤密碼登入失敗', 'account': 'wrong', 'password': 'wrong', 'success': False, 'expected_error': ['帳號或密碼錯誤']}"}],"links":[],"hidden":false,"retry":false,"extra":{"severity":"normal","retries":[],"categories":[{"name":"Product defects","matchedStatuses":[],"flaky":false}],"tags":["login"]},"source":"67de93456a263a5.json","parameterValues":["{'id': 'TC002', 'title': '錯誤密碼登入失敗', 'account': 'wrong', 'password': 'wrong', 'success': False, 'expected_error': ['帳號或密碼錯誤']}"]}