{"uid":"77e05b87f5badd5e","name":"test_login_param[TC004]","fullName":"tests.test_login_param#test_login_param","historyId":"d1b62bf0c1a5bdfc240034d5021b9b06","time":{"start":1750221036194,"stop":1750221044281,"duration":8087},"status":"failed","statusMessage":"AssertionError: assert False\n +  where False = has_error_message(['密碼為必填'])\n +    where has_error_message = <pages.login_page.LoginPage object at 0x7fe0c8bba3d0>.has_error_message","statusTrace":"driver = <selenium.webdriver.chrome.webdriver.WebDriver (session=\"07646206cc23c6f6f7bb419b25aacca4\")>\ncase = {'account': 'test', 'expected_error': ['密碼為必填'], 'id': 'TC004', 'password': '', ...}\napp_context = None\n\n    @pytest.mark.login\n    @pytest.mark.parametrize(\"case\", login_cases, ids=[case[\"id\"] for case in login_cases])\n    def test_login_param(driver, case, app_context):\n        login = LoginPage(driver)\n        login.open()\n        login.wait(*LoginPage.ACCOUNT)\n        login.login(case[\"account\"], case[\"password\"])\n        if case[\"success\"]:\n            # 驗證頁面跳轉成功\n            assert login.is_success(\"/todo/list\")\n            # 登出\n            login.click_logout_button()\n            # 查資料庫\n            user = get_user_by_account(case[\"account\"])\n            assert user is not None\n        else:\n            assert not login.is_success(\"/todo/list\")\n            if \"expected_error\" in case:\n>               assert login.has_error_message(case[\"expected_error\"])\nE               AssertionError: assert False\nE                +  where False = has_error_message(['密碼為必填'])\nE                +    where has_error_message = <pages.login_page.LoginPage object at 0x7fe0c8bba3d0>.has_error_message\n\ntests/test_login_param.py:27: AssertionError","flaky":false,"newFailed":false,"newBroken":false,"newPassed":false,"retriesCount":0,"retriesStatusChange":false,"beforeStages":[{"name":"driver","time":{"start":1750221035856,"stop":1750221036193,"duration":337},"status":"passed","steps":[],"attachments":[],"parameters":[],"shouldDisplayMessage":false,"stepsCount":0,"attachmentsCount":0,"hasContent":false,"attachmentStep":false},{"name":"app_context","time":{"start":1750221036193,"stop":1750221036194,"duration":1},"status":"passed","steps":[],"attachments":[],"parameters":[],"shouldDisplayMessage":false,"stepsCount":0,"attachmentsCount":0,"hasContent":false,"attachmentStep":false}],"testStage":{"status":"failed","statusMessage":"AssertionError: assert False\n +  where False = has_error_message(['密碼為必填'])\n +    where has_error_message = <pages.login_page.LoginPage object at 0x7fe0c8bba3d0>.has_error_message","statusTrace":"driver = <selenium.webdriver.chrome.webdriver.WebDriver (session=\"07646206cc23c6f6f7bb419b25aacca4\")>\ncase = {'account': 'test', 'expected_error': ['密碼為必填'], 'id': 'TC004', 'password': '', ...}\napp_context = None\n\n    @pytest.mark.login\n    @pytest.mark.parametrize(\"case\", login_cases, ids=[case[\"id\"] for case in login_cases])\n    def test_login_param(driver, case, app_context):\n        login = LoginPage(driver)\n        login.open()\n        login.wait(*LoginPage.ACCOUNT)\n        login.login(case[\"account\"], case[\"password\"])\n        if case[\"success\"]:\n            # 驗證頁面跳轉成功\n            assert login.is_success(\"/todo/list\")\n            # 登出\n            login.click_logout_button()\n            # 查資料庫\n            user = get_user_by_account(case[\"account\"])\n            assert user is not None\n        else:\n            assert not login.is_success(\"/todo/list\")\n            if \"expected_error\" in case:\n>               assert login.has_error_message(case[\"expected_error\"])\nE               AssertionError: assert False\nE                +  where False = has_error_message(['密碼為必填'])\nE                +    where has_error_message = <pages.login_page.LoginPage object at 0x7fe0c8bba3d0>.has_error_message\n\ntests/test_login_param.py:27: AssertionError","steps":[],"attachments":[{"uid":"ff55de20cbb5db8e","name":"screenshot","source":"ff55de20cbb5db8e.png","type":"image/png","size":11780},{"uid":"7bb595275be9c2e4","name":"stdout","source":"7bb595275be9c2e4.txt","type":"text/plain","size":77}],"parameters":[],"shouldDisplayMessage":true,"stepsCount":0,"attachmentsCount":2,"hasContent":true,"attachmentStep":false},"afterStages":[{"name":"app_context::0","time":{"start":1750221044383,"stop":1750221044384,"duration":1},"status":"passed","steps":[],"attachments":[],"parameters":[],"shouldDisplayMessage":false,"stepsCount":0,"attachmentsCount":0,"hasContent":false,"attachmentStep":false},{"name":"driver::0","time":{"start":1750221044384,"stop":1750221045447,"duration":1063},"status":"passed","steps":[],"attachments":[],"parameters":[],"shouldDisplayMessage":false,"stepsCount":0,"attachmentsCount":0,"hasContent":false,"attachmentStep":false}],"labels":[{"name":"tag","value":"login"},{"name":"parentSuite","value":"tests"},{"name":"suite","value":"test_login_param"},{"name":"host","value":"fv-az1341-696"},{"name":"thread","value":"3837-MainThread"},{"name":"framework","value":"pytest"},{"name":"language","value":"cpython3"},{"name":"package","value":"tests.test_login_param"},{"name":"resultFormat","value":"allure2"}],"parameters":[{"name":"case","value":"{'id': 'TC004', 'title': '空密碼', 'account': 'test', 'password': '', 'success': False, 'expected_error': ['密碼為必填']}"}],"links":[],"hidden":false,"retry":false,"extra":{"severity":"normal","retries":[],"categories":[{"name":"Product defects","matchedStatuses":[],"flaky":false}],"tags":["login"]},"source":"77e05b87f5badd5e.json","parameterValues":["{'id': 'TC004', 'title': '空密碼', 'account': 'test', 'password': '', 'success': False, 'expected_error': ['密碼為必填']}"]}